# ä½ çš„æ•°æ®åº“æŸ¥è¯¢ä¸ºä»€ä¹ˆè¿™ä¹ˆæ…¢ï¼šExplain ä¸ Query Plan

æ•°æ®åº“ä¸­æ…¢æŸ¥è¯¢ä½œä¸ºä¸€ä¸ªä¸šåŠ¡ä¸­çš„å¸¸è§é—®é¢˜ï¼Œå±¡è§ä¸é²œã€‚

##

## ç¿»ä¹¦

å¦‚ä½•æ›´å¿«åœ°æ£€ç´¢æ•°æ®ï¼Ÿ

ç¿»æ›´å°‘é¡µçš„ä¹¦ã€‚

æ•°æ®åº“æŸ¥è¯¢å¦‚ç¿»ä¹¦ï¼Œä¹¦çš„æ¯ä¸€é¡µå°±æ˜¯æ•°æ®åº“ä¸­çš„æ¯æ¡è®°å½•ã€‚

## æ‰§è¡Œè®¡åˆ’

æ•°æ®åº“æŸ¥è¯¢æ˜¯å¦‚ä½•æ‰§è¡Œçš„ï¼Ÿ

## ä½ çš„æ•°æ®æŸ¥è¯¢æœ‰å¤šæ…¢ï¼Ÿ

æ¢ä¸€ä¸ªé—®é¢˜æ˜¯ï¼š

> [å¦‚ä½•å¾—çŸ¥ä¸€æ¡ SQL æ‰§è¡Œçš„æ—¶é—´ï¼Ÿ]()

## ä½ çš„æ•°æ®æŸ¥è¯¢ä¸ºä»€ä¹ˆæ…¢: EXPLAIN

## å¦‚ä½•çœ‹æ‡‚ EXPLAIN

## æ‰§è¡Œè®¡åˆ’ (Query Plan)

æ‰§è¡Œè®¡åˆ’çš„æœ¬è´¨ä¸Šæ˜¯ä¸€æ£µæ ‘: Plan Nodes Treeï¼Œè€Œ `explain` è¾“å‡ºçš„æ¯ä¸€è¡Œæ˜¯ä¸€ä¸ªèŠ‚ç‚¹ã€‚

TODO: å›¾

``` sql
explain select * from student where id = 3
```

``` bash
+------------------------------------------------------------------------------+
| QUERY PLAN                                                                   |
|------------------------------------------------------------------------------|
| Index Scan using student_pkey on student  (cost=0.15..8.17 rows=1 width=142) |
|   Index Cond: (id = 3)                                                       |
+------------------------------------------------------------------------------+
EXPLAIN
Time: 0.031s
```

``` sql
explain (format json) select * from student where id = 3
```

``` json
[
  {
    "Plan": {
      "Node Type": "Index Scan",
      "Parallel Aware": false,
      "Scan Direction": "Forward",
      "Index Name": "student_pkey",
      "Relation Name": "student",
      "Alias": "student",
      "Startup Cost": 0.15,
      "Total Cost": 8.17,
      "Plan Rows": 1,
      "Plan Width": 142,
      "Index Cond": "(id = 3)"
    }
  }
]
```

æˆ‘ä»¬å…ˆæ¥çœ‹æœ€ç›´è§‚ï¼Œæœ€èƒ½åæ˜ é—®é¢˜çš„å‡ ä¸ªå­—æ®µï¼š

1. `Total Cost`: **è¯„ä¼°å½“å‰èŠ‚ç‚¹çš„æ€»æ¶ˆè€— (è€Œéæ—¶é—´)**ï¼Œè¯¥å€¼è¶Šå¤§ï¼ŒSQL æ‰§è¡Œçš„æ—¶é—´è¶Šé•¿å—ï¼Ÿä¸ä¸€å®šï¼Œæ­¤å¤–è¿˜éœ€è¦è€ƒè™‘åˆ°å¤§é‡æ•°æ® IO çš„é—®é¢˜
1. `Plan Rows`: **è¯„ä¼°å½“å‰èŠ‚ç‚¹çš„è¿”å›è¡Œæ•°**
1. `Plan Witdh`: **è¯„ä¼°å½“å‰èŠ‚ç‚¹çš„è¿”å›è¡Œçš„å¹³å‡å­—èŠ‚æ•°**ï¼Œæˆ‘ä»¬è¦æŸ¥è¯¢çš„å­—æ®µè¶Šå°‘ï¼Œè¯¥å€¼è¶Šä½ï¼Œå¸¦å®½æ¶ˆè€—ä¹Ÿæ›´å°

### å¤šèŠ‚ç‚¹çš„æ‰§è¡Œè®¡åˆ’

### ä¼˜åŒ–

è¯¥ SQL æ˜¯å¦è¿˜èƒ½å¤Ÿä¼˜åŒ–

## Node Type

+ Index Scan
+ Seq Scan

### Index Scan

``` sql
select * from student where id = 
```

### Seq Scan

``` sql
postgres@db:school> explain select * from student
+------------------------------------------------------------+
| QUERY PLAN                                                 |
|------------------------------------------------------------|
| Seq Scan on student  (cost=0.00..14.80 rows=480 width=142) |
+------------------------------------------------------------+
EXPLAIN
Time: 0.022s
postgres@db:school> explain select * from student where age = 10000
+----------------------------------------------------------+
| QUERY PLAN                                               |
|----------------------------------------------------------|
| Seq Scan on student  (cost=0.00..16.00 rows=2 width=142) |
|   Filter: (age = 10000)                                  |
+----------------------------------------------------------+
EXPLAIN
Time: 0.031s
postgres@db:school>

```

## ğŸŒ°èšç°‡ç´¢å¼•

``` sql
select * from student where id = 3
```

``` sql
postgres@db:school> explain select * from student where id = 3
+------------------------------------------------------------------------------+
| QUERY PLAN                                                                   |
|------------------------------------------------------------------------------|
| Index Scan using student_pkey on student  (cost=0.15..8.17 rows=1 width=142) |
|   Index Cond: (id = 3)                                                       |
+------------------------------------------------------------------------------+
EXPLAIN
Time: 0.031s
```

## BTree ç–‘æ€

```
explain select * from student where id > 10
```

## å‚è€ƒ

+ [](https://www.postgresql.org/docs/current/using-explain.html)